[debug] [2020-10-17T13:16:21.015Z] ----------------------------------------------------------------------
[debug] [2020-10-17T13:16:21.017Z] Command:       /usr/local/bin/node /usr/local/bin/firebase deploy
[debug] [2020-10-17T13:16:21.017Z] CLI Version:   8.4.3
[debug] [2020-10-17T13:16:21.017Z] Platform:      darwin
[debug] [2020-10-17T13:16:21.017Z] Node Version:  v10.15.3
[debug] [2020-10-17T13:16:21.018Z] Time:          Sat Oct 17 2020 16:16:21 GMT+0300 (Eastern European Summer Time)
[debug] [2020-10-17T13:16:21.018Z] ----------------------------------------------------------------------
[debug] [2020-10-17T13:16:21.018Z] 
[debug] [2020-10-17T13:16:21.026Z] > command requires scopes: ["email","openid","https://www.googleapis.com/auth/cloudplatformprojects.readonly","https://www.googleapis.com/auth/firebase","https://www.googleapis.com/auth/cloud-platform"]
[debug] [2020-10-17T13:16:21.026Z] > authorizing via signed-in user
[debug] [2020-10-17T13:16:21.026Z] [iam] checking project senselessjavainterview for permissions ["firebase.projects.get","firebasehosting.sites.update"]
[debug] [2020-10-17T13:16:21.029Z] >>> HTTP REQUEST POST https://cloudresourcemanager.googleapis.com/v1/projects/senselessjavainterview:testIamPermissions  
 {"permissions":["firebase.projects.get","firebasehosting.sites.update"]}
[debug] [2020-10-17T13:16:23.577Z] <<< HTTP RESPONSE 200 {"content-type":"application/json; charset=UTF-8","vary":"X-Origin, Referer, Origin,Accept-Encoding","date":"Sat, 17 Oct 2020 13:16:23 GMT","server":"ESF","cache-control":"private","x-xss-protection":"0","x-frame-options":"SAMEORIGIN","x-content-type-options":"nosniff","server-timing":"gfet4t7; dur=698","alt-svc":"h3-Q050=\":443\"; ma=2592000,h3-29=\":443\"; ma=2592000,h3-27=\":443\"; ma=2592000,h3-T051=\":443\"; ma=2592000,h3-T050=\":443\"; ma=2592000,h3-Q046=\":443\"; ma=2592000,h3-Q043=\":443\"; ma=2592000,quic=\":443\"; ma=2592000; v=\"46,43\"","accept-ranges":"none","transfer-encoding":"chunked"}
[debug] [2020-10-17T13:16:23.580Z] >>> HTTP REQUEST GET https://firebase.googleapis.com/v1beta1/projects/senselessjavainterview  
 
[debug] [2020-10-17T13:16:24.307Z] <<< HTTP RESPONSE 200 {"content-type":"application/json; charset=UTF-8","vary":"X-Origin, Referer, Origin,Accept-Encoding","date":"Sat, 17 Oct 2020 13:16:24 GMT","server":"ESF","cache-control":"private","x-xss-protection":"0","x-frame-options":"SAMEORIGIN","x-content-type-options":"nosniff","alt-svc":"h3-Q050=\":443\"; ma=2592000,h3-29=\":443\"; ma=2592000,h3-27=\":443\"; ma=2592000,h3-T051=\":443\"; ma=2592000,h3-T050=\":443\"; ma=2592000,h3-Q046=\":443\"; ma=2592000,h3-Q043=\":443\"; ma=2592000,quic=\":443\"; ma=2592000; v=\"46,43\"","accept-ranges":"none","transfer-encoding":"chunked"}
[info] 
[info] === Deploying to 'senselessjavainterview'...
[info] 
[info] i  deploying hosting 
[debug] [2020-10-17T13:16:24.311Z] >>> HTTP REQUEST POST https://firebasehosting.googleapis.com/v1beta1/sites/senselessjavainterview/versions  
 {"config":{"rewrites":[{"glob":"**","path":"/index.html"}]},"labels":{"deployment-tool":"cli-firebase"}}
[debug] [2020-10-17T13:16:27.538Z] <<< HTTP RESPONSE 200 {"content-type":"application/json; charset=UTF-8","vary":"X-Origin, Referer, Origin,Accept-Encoding","date":"Sat, 17 Oct 2020 13:16:27 GMT","server":"ESF","cache-control":"private","x-xss-protection":"0","x-frame-options":"SAMEORIGIN","x-content-type-options":"nosniff","alt-svc":"h3-Q050=\":443\"; ma=2592000,h3-29=\":443\"; ma=2592000,h3-27=\":443\"; ma=2592000,h3-T051=\":443\"; ma=2592000,h3-T050=\":443\"; ma=2592000,h3-Q046=\":443\"; ma=2592000,h3-Q043=\":443\"; ma=2592000,quic=\":443\"; ma=2592000; v=\"46,43\"","accept-ranges":"none","transfer-encoding":"chunked"}
[info] i  hosting[senselessjavainterview]: beginning deploy... 
[info] i  hosting[senselessjavainterview]: found 3 files in dist 
[debug] [2020-10-17T13:16:27.699Z] [hosting] hash cache [ZGlzdA] stored for 3 files
[debug] [2020-10-17T13:16:27.699Z] [hosting][hash queue][FINAL] {"max":151,"min":3,"avg":63.333333333333336,"active":0,"complete":3,"success":3,"errored":0,"retried":0,"total":3,"elapsed":152}
[debug] [2020-10-17T13:16:27.699Z] >>> HTTP REQUEST POST https://firebasehosting.googleapis.com/v1beta1/sites/senselessjavainterview/versions/c187f2ee84c5d3cf:populateFiles  
 <request body omitted>
[debug] [2020-10-17T13:16:34.058Z] <<< HTTP RESPONSE 200 {"content-type":"application/json; charset=UTF-8","vary":"X-Origin, Referer, Origin,Accept-Encoding","date":"Sat, 17 Oct 2020 13:16:31 GMT","server":"ESF","cache-control":"private","x-xss-protection":"0","x-frame-options":"SAMEORIGIN","x-content-type-options":"nosniff","alt-svc":"h3-Q050=\":443\"; ma=2592000,h3-29=\":443\"; ma=2592000,h3-27=\":443\"; ma=2592000,h3-T051=\":443\"; ma=2592000,h3-T050=\":443\"; ma=2592000,h3-Q046=\":443\"; ma=2592000,h3-Q043=\":443\"; ma=2592000,quic=\":443\"; ma=2592000; v=\"46,43\"","accept-ranges":"none","transfer-encoding":"chunked"}
[debug] [2020-10-17T13:16:34.061Z] [hosting][populate queue][FINAL] {"max":6362,"min":6362,"avg":6362,"active":0,"complete":1,"success":1,"errored":0,"retried":0,"total":1,"elapsed":6363}
[debug] [2020-10-17T13:16:34.062Z] [hosting] uploads queued: 0
[debug] [2020-10-17T13:16:34.062Z] [hosting][upload queue][FINAL] {"max":0,"min":9999999999,"avg":0,"active":0,"complete":0,"success":0,"errored":0,"retried":0,"total":0,"elapsed":1602940594062}
[info] ✔  hosting[senselessjavainterview]: file upload complete 
[debug] [2020-10-17T13:16:34.064Z] [hosting] deploy completed after 6525ms
[debug] [2020-10-17T13:16:41.489Z] [
  {
    "config": {
      "public": "dist",
      "ignore": [
        "firebase.json",
        "**/.*",
        "**/node_modules/**"
      ],
      "rewrites": [
        {
          "source": "**",
          "destination": "/index.html"
        }
      ],
      "site": "senselessjavainterview"
    },
    "site": "senselessjavainterview",
    "version": "sites/senselessjavainterview/versions/c187f2ee84c5d3cf"
  }
]
[info] i  hosting[senselessjavainterview]: finalizing version... 
[debug] [2020-10-17T13:16:41.490Z] >>> HTTP REQUEST PATCH https://firebasehosting.googleapis.com/v1beta1/sites/senselessjavainterview/versions/c187f2ee84c5d3cf?updateMask=status  
 {"status":"FINALIZED"}
[debug] [2020-10-17T13:16:44.330Z] <<< HTTP RESPONSE 200 {"content-type":"application/json; charset=UTF-8","vary":"X-Origin, Referer, Origin,Accept-Encoding","date":"Sat, 17 Oct 2020 13:16:42 GMT","server":"ESF","cache-control":"private","x-xss-protection":"0","x-frame-options":"SAMEORIGIN","x-content-type-options":"nosniff","alt-svc":"h3-Q050=\":443\"; ma=2592000,h3-29=\":443\"; ma=2592000,h3-27=\":443\"; ma=2592000,h3-T051=\":443\"; ma=2592000,h3-T050=\":443\"; ma=2592000,h3-Q046=\":443\"; ma=2592000,h3-Q043=\":443\"; ma=2592000,quic=\":443\"; ma=2592000; v=\"46,43\"","accept-ranges":"none","transfer-encoding":"chunked"}
[debug] [2020-10-17T13:16:44.331Z] [hosting] finalized version for senselessjavainterview: {"name":"sites/senselessjavainterview/versions/c187f2ee84c5d3cf","status":"FINALIZED","config":{"rewrites":[{"glob":"**","path":"/index.html"}]},"labels":{"deployment-tool":"cli-firebase"},"createTime":"2020-10-17T13:16:26.599499Z","createUser":{"email":"ivan.brovenko@gmail.com"},"finalizeTime":"2020-10-17T13:16:42.875578Z","finalizeUser":{"email":"ivan.brovenko@gmail.com"}}
[info] ✔  hosting[senselessjavainterview]: version finalized 
[info] i  hosting[senselessjavainterview]: releasing new version... 
[debug] [2020-10-17T13:16:44.332Z] >>> HTTP REQUEST POST https://firebasehosting.googleapis.com/v1beta1/sites/senselessjavainterview/releases?version_name=sites/senselessjavainterview/versions/c187f2ee84c5d3cf  
 {"message":null}
[debug] [2020-10-17T13:17:28.789Z] Error: read ECONNRESET
    at TLSWrap.onStreamRead (internal/stream_base_commons.js:111:27)
[error] 
[error] Error: Server Error. read ECONNRESET
[debug] [2020-10-17T13:17:41.358Z] ----------------------------------------------------------------------
[debug] [2020-10-17T13:17:41.360Z] Command:       /usr/local/bin/node /usr/local/bin/firebase deploy
[debug] [2020-10-17T13:17:41.361Z] CLI Version:   8.4.3
[debug] [2020-10-17T13:17:41.361Z] Platform:      darwin
[debug] [2020-10-17T13:17:41.361Z] Node Version:  v10.15.3
[debug] [2020-10-17T13:17:41.362Z] Time:          Sat Oct 17 2020 16:17:41 GMT+0300 (Eastern European Summer Time)
[debug] [2020-10-17T13:17:41.362Z] ----------------------------------------------------------------------
[debug] [2020-10-17T13:17:41.362Z] 
[debug] [2020-10-17T13:17:41.371Z] > command requires scopes: ["email","openid","https://www.googleapis.com/auth/cloudplatformprojects.readonly","https://www.googleapis.com/auth/firebase","https://www.googleapis.com/auth/cloud-platform"]
[debug] [2020-10-17T13:17:41.372Z] > authorizing via signed-in user
[debug] [2020-10-17T13:17:41.372Z] [iam] checking project senselessjavainterview for permissions ["firebase.projects.get","firebasehosting.sites.update"]
[debug] [2020-10-17T13:17:41.375Z] >>> HTTP REQUEST POST https://cloudresourcemanager.googleapis.com/v1/projects/senselessjavainterview:testIamPermissions  
 {"permissions":["firebase.projects.get","firebasehosting.sites.update"]}
[debug] [2020-10-17T13:17:53.791Z] <<< HTTP RESPONSE 200 {"content-type":"application/json; charset=UTF-8","vary":"X-Origin, Referer, Origin,Accept-Encoding","date":"Sat, 17 Oct 2020 13:17:47 GMT","server":"ESF","cache-control":"private","x-xss-protection":"0","x-frame-options":"SAMEORIGIN","x-content-type-options":"nosniff","server-timing":"gfet4t7; dur=692","alt-svc":"h3-Q050=\":443\"; ma=2592000,h3-29=\":443\"; ma=2592000,h3-27=\":443\"; ma=2592000,h3-T051=\":443\"; ma=2592000,h3-T050=\":443\"; ma=2592000,h3-Q046=\":443\"; ma=2592000,h3-Q043=\":443\"; ma=2592000,quic=\":443\"; ma=2592000; v=\"46,43\"","accept-ranges":"none","transfer-encoding":"chunked"}
[debug] [2020-10-17T13:17:53.793Z] >>> HTTP REQUEST GET https://firebase.googleapis.com/v1beta1/projects/senselessjavainterview  
 
[debug] [2020-10-17T13:17:54.670Z] <<< HTTP RESPONSE 200 {"content-type":"application/json; charset=UTF-8","vary":"X-Origin, Referer, Origin,Accept-Encoding","date":"Sat, 17 Oct 2020 13:17:54 GMT","server":"ESF","cache-control":"private","x-xss-protection":"0","x-frame-options":"SAMEORIGIN","x-content-type-options":"nosniff","alt-svc":"h3-Q050=\":443\"; ma=2592000,h3-29=\":443\"; ma=2592000,h3-27=\":443\"; ma=2592000,h3-T051=\":443\"; ma=2592000,h3-T050=\":443\"; ma=2592000,h3-Q046=\":443\"; ma=2592000,h3-Q043=\":443\"; ma=2592000,quic=\":443\"; ma=2592000; v=\"46,43\"","accept-ranges":"none","transfer-encoding":"chunked"}
[info] 
[info] === Deploying to 'senselessjavainterview'...
[info] 
[info] i  deploying hosting 
[debug] [2020-10-17T13:17:54.674Z] >>> HTTP REQUEST POST https://firebasehosting.googleapis.com/v1beta1/sites/senselessjavainterview/versions  
 {"config":{"rewrites":[{"glob":"**","path":"/index.html"}]},"labels":{"deployment-tool":"cli-firebase"}}
[debug] [2020-10-17T13:17:58.871Z] <<< HTTP RESPONSE 200 {"content-type":"application/json; charset=UTF-8","vary":"X-Origin, Referer, Origin,Accept-Encoding","date":"Sat, 17 Oct 2020 13:17:56 GMT","server":"ESF","cache-control":"private","x-xss-protection":"0","x-frame-options":"SAMEORIGIN","x-content-type-options":"nosniff","alt-svc":"h3-Q050=\":443\"; ma=2592000,h3-29=\":443\"; ma=2592000,h3-27=\":443\"; ma=2592000,h3-T051=\":443\"; ma=2592000,h3-T050=\":443\"; ma=2592000,h3-Q046=\":443\"; ma=2592000,h3-Q043=\":443\"; ma=2592000,quic=\":443\"; ma=2592000; v=\"46,43\"","accept-ranges":"none","transfer-encoding":"chunked"}
[info] i  hosting[senselessjavainterview]: beginning deploy... 
[info] i  hosting[senselessjavainterview]: found 3 files in dist 
[debug] [2020-10-17T13:17:58.889Z] [hosting] hash cache [ZGlzdA] stored for 3 files
[debug] [2020-10-17T13:17:58.889Z] [hosting][hash queue][FINAL] {"max":3,"min":0,"avg":0,"active":0,"complete":3,"success":3,"errored":0,"retried":0,"total":3,"elapsed":8}
[debug] [2020-10-17T13:17:58.889Z] >>> HTTP REQUEST POST https://firebasehosting.googleapis.com/v1beta1/sites/senselessjavainterview/versions/f87e6cf00725b792:populateFiles  
 <request body omitted>
[debug] [2020-10-17T13:18:20.368Z] [populateQueue] Retrying task index 0
[debug] [2020-10-17T13:18:20.369Z] >>> HTTP REQUEST POST https://firebasehosting.googleapis.com/v1beta1/sites/senselessjavainterview/versions/f87e6cf00725b792:populateFiles  
 <request body omitted>
[debug] [2020-10-17T13:18:21.489Z] <<< HTTP RESPONSE 200 {"content-type":"application/json; charset=UTF-8","vary":"X-Origin, Referer, Origin,Accept-Encoding","date":"Sat, 17 Oct 2020 13:18:21 GMT","server":"ESF","cache-control":"private","x-xss-protection":"0","x-frame-options":"SAMEORIGIN","x-content-type-options":"nosniff","alt-svc":"h3-Q050=\":443\"; ma=2592000,h3-29=\":443\"; ma=2592000,h3-27=\":443\"; ma=2592000,h3-T051=\":443\"; ma=2592000,h3-T050=\":443\"; ma=2592000,h3-Q046=\":443\"; ma=2592000,h3-Q043=\":443\"; ma=2592000,quic=\":443\"; ma=2592000; v=\"46,43\"","accept-ranges":"none","transfer-encoding":"chunked"}
[debug] [2020-10-17T13:18:21.490Z] [hosting][populate queue][FINAL] {"max":1122,"min":1122,"avg":1122,"active":0,"complete":1,"success":1,"errored":0,"retried":1,"total":1,"elapsed":22605}
[debug] [2020-10-17T13:18:21.490Z] [hosting] uploads queued: 0
[debug] [2020-10-17T13:18:21.490Z] [hosting][upload queue][FINAL] {"max":0,"min":9999999999,"avg":0,"active":0,"complete":0,"success":0,"errored":0,"retried":0,"total":0,"elapsed":1602940701490}
[info] ✔  hosting[senselessjavainterview]: file upload complete 
[debug] [2020-10-17T13:18:21.491Z] [hosting] deploy completed after 22618ms
